<?xml version="1.0" encoding="UTF-8"?>
<!-- Generated by org.testng.reporters.JUnitReportReporter -->
<testsuite skipped="0" hostname="Ana-Laptop" name="test.TestPrvi" tests="1" failures="0" timestamp="4 Nov 2016 14:41:26 GMT" time="10.938" errors="0">
  <testcase name="f" time="10.938" classname="test.TestPrvi"/>
</testsuite> <!-- test.TestPrvi -->
